[Saturday/July 26/07/2025 00:21:54] /mnt/torrents/Videos/Black.Mirror.S03.1080i.BDRemux.-Kyle/Black.Mirror.S03E01.1080i.BDRemux.-Kyle.mkv | length=3791.808 | time=1287.88
[Saturday/July 26/07/2025 00:22:29] /mnt/torrents/Videos/Black.Mirror.S03.1080i.BDRemux.-Kyle/Black.Mirror.S03E01.1080i.BDRemux.-Kyle.mkv | length=3791.808 | time=1295.88
[Saturday/July 26/07/2025 00:26:24] /mnt/torrents/Videos/Black.Mirror.S03.1080i.BDRemux.-Kyle/Black.Mirror.S03E01.1080i.BDRemux.-Kyle.mkv | length=3791.808 | time=1318.32
[Saturday/July 26/07/2025 00:29:35] /home/kyoshi/videos/torrents/Black.Mirror.S05.WEBRip.1080p.Rus.Eng/Black.Mirror.S05E01.WEBRip.1080p.RGzsRutracker.mkv | length=3710.624 | time=2.6
[Saturday/July 26/07/2025 00:29:35] /home/kyoshi/videos/torrents/Black.Mirror.S03.1080i.BDRemux.-Kyle/Black.Mirror.S03E06.1080i.BDRemux.-Kyle.mkv | length=5381.568 | time=0.04
[Saturday/July 26/07/2025 00:29:35] /home/kyoshi/videos/torrents/Black.Mirror.S03.1080i.BDRemux.-Kyle/Black.Mirror.S03E05.1080i.BDRemux.-Kyle.mkv | length=3627.84 | time=0.08
[Saturday/July 26/07/2025 00:29:36] /home/kyoshi/videos/torrents/Black.Mirror.S02.1080i.BDRemux.-Kyle/Black.Mirror.S02E01.1080i.BDRemux.-Kyle.mkv | length=2924.064 | time=0.04
[Saturday/July 26/07/2025 00:29:37] /home/kyoshi/videos/torrents/Black.Mirror.Special.White.Christmas.1080p.WEB-DL.DD2.0.-Kyle.mkv | length=4474.88 | time=0.96
[Saturday/July 26/07/2025 00:29:42] /home/kyoshi/videos/torrents/Black.Mirror.Bandersnatch.2018. Netflix.WEB-DL.x264.mkv | length=18734.292 | time=4.32
[Saturday/July 26/07/2025 00:29:42] /home/kyoshi/videos/torrents/Black.Mirror.Bandersnatch.2018. Netflix.WEB-DL.x264.mkv | length=18734.292 | time=0
[Saturday/July 26/07/2025 00:29:49] /home/kyoshi/videos/torrents/Black.Mirror.S03.1080i.BDRemux.-Kyle/Black.Mirror.S03E01.1080i.BDRemux.-Kyle.mkv | length=3791.808 | time=2.4
[Saturday/July 26/07/2025 00:29:54] /home/kyoshi/videos/torrents/Black.Mirror.S03.1080i.BDRemux.-Kyle/Black.Mirror.S03E01.1080i.BDRemux.-Kyle.mkv | length=3791.808 | time=5.68
[Saturday/July 26/07/2025 00:29:55] /home/kyoshi/videos/torrents/Black.Mirror.S03.1080i.BDRemux.-Kyle/Black.Mirror.S03E02.1080i.BDRemux.-Kyle.mkv | length=3433.888 | time=0.88
[Saturday/July 26/07/2025 00:29:56] /home/kyoshi/videos/torrents/Black.Mirror.S03.1080i.BDRemux.-Kyle/Black.Mirror.S03E03.1080i.BDRemux.-Kyle.mkv | length=3161.664 | time=0.8
[Saturday/July 26/07/2025 00:30:48] /home/kyoshi/videos/torrents/Black.Mirror.S03.1080i.BDRemux.-Kyle/Black.Mirror.S03E04.1080i.BDRemux.-Kyle.mkv | length=3683.904 | time=622.68
[Saturday/July 26/07/2025 00:31:20] /home/kyoshi/videos/torrents/Black.Mirror.S03.1080i.BDRemux.-Kyle/Black.Mirror.S03E04.1080i.BDRemux.-Kyle.mkv | length=3683.904 | time=646
[Monday/August 04/08/2025 02:12:33] /home/kyoshi/2025-08-04 02-11-54.mkv | length=8.9 | time=8.883
[Monday/August 04/08/2025 02:12:33] /home/kyoshi/2025-08-04 02-11-54.mkv | length=8.9 | time=0
[Monday/August 04/08/2025 02:12:38] /home/kyoshi/documents/obsidian/attachments/Pasted image 20240612144435.png | length=0 | time=0
[Monday/August 04/08/2025 02:12:39] /home/kyoshi/documents/obsidian/attachments/Pasted image 20240612144529.png | length=0 | time=0
[Monday/August 04/08/2025 02:14:29] /home/kyoshi/videos/obs/2025-08-04 02-13-30.mkv | length=22.9 | time=22.033
[Wednesday/August 06/08/2025 16:56:18] /home/kyoshi/music/soundux/china theme.mp4 | length=20.010645833333 | time=1.9049899906667
[Wednesday/August 06/08/2025 17:29:27] /home/kyoshi/downloads/vkclips_20250806052749.mp3 | length=34.377142857143 | time=6.1368761328413
[Wednesday/August 06/08/2025 17:31:08] /home/kyoshi/downloads/vkclips_20250806052749.mp3 | length=34.377142857143 | time=3.0991521130272
[Wednesday/August 06/08/2025 17:31:17] /home/kyoshi/downloads/vkclips_20250806052749.mp4 | length=34.34231292517 | time=1.269676
[Wednesday/August 06/08/2025 17:31:40] /home/kyoshi/downloads/vkclips_20250806053039.mp4 | length=20.154920634921 | time=2.569676
[Wednesday/August 06/08/2025 17:32:10] /home/kyoshi/downloads/vkclips_20250806053052.mp4 | length=33.55283446712 | time=17.869676
[Wednesday/August 06/08/2025 17:40:00] /home/kyoshi/music/soundux/Гномы хуекрады official music video [mtn8G7I_CrQ].mp3 | length=124.44 | time=49.961111405277
[Wednesday/August 06/08/2025 18:22:31] /home/kyoshi/music/soundux/Гномы хуекрады official music video [mtn8G7I_CrQ].mp3 | length=124.44 | time=50.559999858278
[Wednesday/August 06/08/2025 18:35:44] "Ретро Говновоз: Большой говноконцерт для всей семьи!" | https://www.youtube.com/watch?v=pbAUeijmEu8&t=5157s | length=7751.181 | time=5157
[Wednesday/August 06/08/2025 18:36:39] "Ретро Говновоз: Большой говноконцерт для всей семьи!" | https://www.youtube.com/watch?v=pbAUeijmEu8&t=5157s | length=7751.181 | time=0
[Wednesday/August 06/08/2025 18:39:06] "Ретро Говновоз: Большой говноконцерт для всей семьи!" | https://www.youtube.com/watch?v=pbAUeijmEu8 | length=7751.181 | time=95.996
